d:\c++\goldengithub\goldengithub\proj.win32\release.win32\vc143.pdb
d:\c++\goldengithub\goldengithub\proj.win32\release.win32\attack.obj
d:\c++\goldengithub\goldengithub\proj.win32\release.win32\player.obj
d:\c++\goldengithub\goldengithub\proj.win32\release.win32\appdelegate.obj
d:\c++\goldengithub\goldengithub\proj.win32\release.win32\setscene.obj
d:\c++\goldengithub\goldengithub\proj.win32\release.win32\command.obj
d:\c++\goldengithub\goldengithub\proj.win32\release.win32\spritedemo.obj
d:\c++\goldengithub\goldengithub\proj.win32\release.win32\onlinescene.obj
d:\c++\goldengithub\goldengithub\proj.win32\release.win32\main.obj
d:\c++\goldengithub\goldengithub\proj.win32\release.win32\information.obj
d:\c++\goldengithub\goldengithub\proj.win32\release.win32\showhpmp.obj
d:\c++\goldengithub\goldengithub\proj.win32\release.win32\client.obj
d:\c++\goldengithub\goldengithub\proj.win32\release.win32\shoplayer.obj
d:\c++\goldengithub\goldengithub\proj.win32\release.win32\musicsetscene.obj
d:\c++\goldengithub\goldengithub\proj.win32\release.win32\smallhero.obj
d:\c++\goldengithub\goldengithub\proj.win32\release.win32\battle.obj
d:\c++\goldengithub\goldengithub\proj.win32\release.win32\singlescene.obj
d:\c++\goldengithub\goldengithub\proj.win32\release.win32\hero.obj
d:\c++\goldengithub\goldengithub\proj.win32\release.win32\server.obj
d:\c++\goldengithub\goldengithub\proj.win32\release.win32\mapscene.obj
d:\c++\goldengithub\goldengithub\proj.win32\release.win32\helloworldscene.obj
d:\c++\goldengithub\goldengithub\proj.win32\release.win32\teammanager.obj
d:\c++\goldengithub\goldengithub\proj.win32\release.win32\pausescene.obj
d:\c++\goldengithub\goldengithub\proj.win32\goldengithub.cab
d:\c++\goldengithub\goldengithub\proj.win32\release.win32\goldengithub.lib
d:\c++\goldengithub\goldengithub\proj.win32\release.win32\goldengithub.exp
d:\c++\goldengithub\goldengithub\proj.win32\release.win32\goldengithub.ipdb
d:\c++\goldengithub\goldengithub\proj.win32\release.win32\goldengithub.iobj
d:\c++\goldengithub\goldengithub\proj.win32\release.win32\goldengithub.exe
d:\c++\goldengithub\goldengithub\proj.win32\release.win32\goldengithub.pdb
d:\c++\goldengithub\goldengithub\proj.win32\release.win32\game.res
d:\c++\goldengithub\goldengithub\proj.win32\release.win32\libcocos2d.exp
d:\c++\goldengithub\goldengithub\proj.win32\release.win32\libcocos2d.pdb
d:\c++\goldengithub\goldengithub\proj.win32\release.win32\goldengithub.tlog\cl.command.1.tlog
d:\c++\goldengithub\goldengithub\proj.win32\release.win32\goldengithub.tlog\cl.read.1.tlog
d:\c++\goldengithub\goldengithub\proj.win32\release.win32\goldengithub.tlog\cl.write.1.tlog
d:\c++\goldengithub\goldengithub\proj.win32\release.win32\goldengithub.tlog\custombuildstep.read.1u.tlog
d:\c++\goldengithub\goldengithub\proj.win32\release.win32\goldengithub.tlog\custombuildstep.write.1u.tlog
d:\c++\goldengithub\goldengithub\proj.win32\release.win32\goldengithub.tlog\link.command.1.tlog
d:\c++\goldengithub\goldengithub\proj.win32\release.win32\goldengithub.tlog\link.read.1.tlog
d:\c++\goldengithub\goldengithub\proj.win32\release.win32\goldengithub.tlog\link.write.1.tlog
d:\c++\goldengithub\goldengithub\proj.win32\release.win32\goldengithub.tlog\link.write.2u.tlog
d:\c++\goldengithub\goldengithub\proj.win32\release.win32\goldengithub.tlog\rc.command.1.tlog
d:\c++\goldengithub\goldengithub\proj.win32\release.win32\goldengithub.tlog\rc.read.1.tlog
d:\c++\goldengithub\goldengithub\proj.win32\release.win32\goldengithub.tlog\rc.write.1.tlog
